Using pre-set license
Built from '2020.3/staging' branch; Version is '2020.3.3f1 (76626098c1c4) revision 7758432'; Using compiler version '192528614'; Build Type 'Release'
OS: 'Windows 10 Pro; OS build 22000.100; Version 2009; 64bit' Language: 'pt' Physical Memory: 8140 MB
BatchMode: 1, IsHumanControllingUs: 0, StartBugReporterOnCrash: 0, Is64bit: 1, IsPro: 0

 COMMAND LINE ARGUMENTS:
C:\Program Files\Unity\Hub\Editor\2020.3.3f1\Editor\Unity.exe
-adb2
-batchMode
-noUpm
-name
AssetImportWorker0
-projectPath
C:/Users/Anthony/Documents/Stercore/Asgla
-logFile
Logs/AssetImportWorker0.log
-srvPort
52242
Successfully changed project path to: C:/Users/Anthony/Documents/Stercore/Asgla
C:/Users/Anthony/Documents/Stercore/Asgla
Using Asset Import Pipeline V2.
Refreshing native plugins compatible for Editor in 139.72 ms, found 1 plugins.
Preloading 0 native plugins for Editor in 0.00 ms.
Initialize engine version: 2020.3.3f1 (76626098c1c4)
[Subsystems] Discovering subsystems at path C:/Program Files/Unity/Hub/Editor/2020.3.3f1/Editor/Data/Resources/UnitySubsystems
[Subsystems] Discovering subsystems at path C:/Users/Anthony/Documents/Stercore/Asgla/Assets
GfxDevice: creating device client; threaded=0
Direct3D:
    Version:  Direct3D 11.0 [level 11.1]
    Renderer: Radeon RX 580 Series (ID=0x67df)
    Vendor:   
    VRAM:     8171 MB
    Driver:   30.0.13001.2011
Shader 'Universal Render Pipeline/Particles/Lit': fallback shader 'Universal Render Pipeline/Particles/SimpleLit' not found
Initialize mono
Mono path[0] = 'C:/Program Files/Unity/Hub/Editor/2020.3.3f1/Editor/Data/Managed'
Mono path[1] = 'C:/Program Files/Unity/Hub/Editor/2020.3.3f1/Editor/Data/MonoBleedingEdge/lib/mono/unityjit'
Mono config path = 'C:/Program Files/Unity/Hub/Editor/2020.3.3f1/Editor/Data/MonoBleedingEdge/etc'
Using monoOptions --debugger-agent=transport=dt_socket,embedding=1,server=y,suspend=n,address=127.0.0.1:56864
Begin MonoManager ReloadAssembly
Registering precompiled unity dll's ...
Register platform support module: C:/Program Files/Unity/Hub/Editor/2020.3.3f1/Editor/Data/PlaybackEngines/WebGLSupport/UnityEditor.WebGL.Extensions.dll
Register platform support module: C:/Program Files/Unity/Hub/Editor/2020.3.3f1/Editor/Data/PlaybackEngines/WindowsStandaloneSupport/UnityEditor.WindowsStandalone.Extensions.dll
Registered in 0.003965 seconds.
Native extension for WindowsStandalone target not found
Native extension for WebGL target not found
Refreshing native plugins compatible for Editor in 130.29 ms, found 1 plugins.
Preloading 0 native plugins for Editor in 0.00 ms.
Invoked RoslynAnalysisRunner static constructor.
RoslynAnalysisRunner will not be running.
RoslynAnalysisRunner has terminated.
Mono: successfully reloaded assembly
- Completed reload, in  5.548 seconds
Platform modules already initialized, skipping
Registering precompiled user dll's ...
Registered in 0.002832 seconds.
Begin MonoManager ReloadAssembly
Native extension for WindowsStandalone target not found
Native extension for WebGL target not found
Refreshing native plugins compatible for Editor in 163.62 ms, found 1 plugins.
Preloading 0 native plugins for Editor in 0.00 ms.
Invoked RoslynAnalysisRunner static constructor.
RoslynAnalysisRunner will not be running.
RoslynAnalysisRunner has terminated.
Mono: successfully reloaded assembly
- Completed reload, in  1.712 seconds
Platform modules already initialized, skipping
========================================================================
Worker process is ready to serve import requests
Shader 'Universal Render Pipeline/Particles/Lit': fallback shader 'Universal Render Pipeline/Particles/SimpleLit' not found
Launched and connected shader compiler UnityShaderCompiler.exe after 0.24 seconds
Refreshing native plugins compatible for Editor in 1.50 ms, found 1 plugins.
Preloading 0 native plugins for Editor in 0.00 ms.
Unloading 5035 Unused Serialized files (Serialized files now loaded: 0)
System memory in use before: 195.3 MB.
System memory in use after: 195.1 MB.

Unloading 35 unused Assets to reduce memory usage. Loaded Objects now: 5470.
Total: 6.698800 ms (FindLiveObjects: 2.232800 ms CreateObjectMapping: 0.850400 ms MarkObjects: 3.167400 ms  DeleteObjects: 0.446300 ms)

========================================================================
Received Import Request.
  path: Assets/Asgla/Prefabs/Avatar/Player Main.prefab
  artifactKey: Guid(95d2f0c3d4165984ba92e08c77b9a48d) Importer(815301076,1909f56bfc062723c751e8b465ee728b)
Start importing Assets/Asgla/Prefabs/Avatar/Player Main.prefab using Guid(95d2f0c3d4165984ba92e08c77b9a48d) Importer(815301076,1909f56bfc062723c751e8b465ee728b)  -> (artifact id: 'aa2dac3c362ee5c47fa2b6dea99a44c8') in 1.328331 seconds
  Import took 1.548004 seconds .

========================================================================
Received Prepare
Registering precompiled user dll's ...
Registered in 0.002863 seconds.
Begin MonoManager ReloadAssembly
Native extension for WindowsStandalone target not found
Native extension for WebGL target not found
Refreshing native plugins compatible for Editor in 1.25 ms, found 1 plugins.
Preloading 0 native plugins for Editor in 0.00 ms.
Invoked RoslynAnalysisRunner static constructor.
RoslynAnalysisRunner will not be running.
RoslynAnalysisRunner has terminated.
Mono: successfully reloaded assembly
- Completed reload, in  1.332 seconds
Platform modules already initialized, skipping
Shader 'Universal Render Pipeline/Particles/Lit': fallback shader 'Universal Render Pipeline/Particles/SimpleLit' not found
Refreshing native plugins compatible for Editor in 1.54 ms, found 1 plugins.
Preloading 0 native plugins for Editor in 0.00 ms.
Unloading 4906 Unused Serialized files (Serialized files now loaded: 0)
System memory in use before: 188.4 MB.
System memory in use after: 188.2 MB.

Unloading 24 unused Assets to reduce memory usage. Loaded Objects now: 5566.
Total: 8.119600 ms (FindLiveObjects: 1.007300 ms CreateObjectMapping: 0.956000 ms MarkObjects: 5.734700 ms  DeleteObjects: 0.419400 ms)

========================================================================
Received Prepare
Registering precompiled user dll's ...
Registered in 0.006969 seconds.
Begin MonoManager ReloadAssembly
Native extension for WindowsStandalone target not found
Native extension for WebGL target not found
Refreshing native plugins compatible for Editor in 1.43 ms, found 1 plugins.
Preloading 0 native plugins for Editor in 0.00 ms.
Invoked RoslynAnalysisRunner static constructor.
RoslynAnalysisRunner will not be running.
RoslynAnalysisRunner has terminated.
Mono: successfully reloaded assembly
- Completed reload, in  1.984 seconds
Platform modules already initialized, skipping
Shader 'Universal Render Pipeline/Particles/Lit': fallback shader 'Universal Render Pipeline/Particles/SimpleLit' not found
Refreshing native plugins compatible for Editor in 1.28 ms, found 1 plugins.
Preloading 0 native plugins for Editor in 0.00 ms.
Unloading 4906 Unused Serialized files (Serialized files now loaded: 0)
System memory in use before: 188.4 MB.
System memory in use after: 188.2 MB.

Unloading 23 unused Assets to reduce memory usage. Loaded Objects now: 5570.
Total: 3.988500 ms (FindLiveObjects: 0.534600 ms CreateObjectMapping: 0.309900 ms MarkObjects: 2.678000 ms  DeleteObjects: 0.464800 ms)

========================================================================
Received Prepare
Registering precompiled user dll's ...
Registered in 0.003285 seconds.
Begin MonoManager ReloadAssembly
Native extension for WindowsStandalone target not found
Native extension for WebGL target not found
Refreshing native plugins compatible for Editor in 1.58 ms, found 1 plugins.
Preloading 0 native plugins for Editor in 0.00 ms.
Invoked RoslynAnalysisRunner static constructor.
RoslynAnalysisRunner will not be running.
RoslynAnalysisRunner has terminated.
Mono: successfully reloaded assembly
- Completed reload, in  4.404 seconds
Platform modules already initialized, skipping
Shader 'Universal Render Pipeline/Particles/Lit': fallback shader 'Universal Render Pipeline/Particles/SimpleLit' not found
Refreshing native plugins compatible for Editor in 2.72 ms, found 1 plugins.
Preloading 0 native plugins for Editor in 0.00 ms.
Unloading 4906 Unused Serialized files (Serialized files now loaded: 0)
System memory in use before: 188.4 MB.
System memory in use after: 188.2 MB.

Unloading 23 unused Assets to reduce memory usage. Loaded Objects now: 5574.
Total: 16.287000 ms (FindLiveObjects: 2.143400 ms CreateObjectMapping: 3.105500 ms MarkObjects: 10.330800 ms  DeleteObjects: 0.704600 ms)

========================================================================
Received Prepare
Registering precompiled user dll's ...
Registered in 0.003188 seconds.
Begin MonoManager ReloadAssembly
Native extension for WindowsStandalone target not found
Native extension for WebGL target not found
Refreshing native plugins compatible for Editor in 1.43 ms, found 1 plugins.
Preloading 0 native plugins for Editor in 0.00 ms.
Invoked RoslynAnalysisRunner static constructor.
RoslynAnalysisRunner will not be running.
RoslynAnalysisRunner has terminated.
Mono: successfully reloaded assembly
- Completed reload, in  1.824 seconds
Platform modules already initialized, skipping
Shader 'Universal Render Pipeline/Particles/Lit': fallback shader 'Universal Render Pipeline/Particles/SimpleLit' not found
Refreshing native plugins compatible for Editor in 1.26 ms, found 1 plugins.
Preloading 0 native plugins for Editor in 0.00 ms.
Unloading 4906 Unused Serialized files (Serialized files now loaded: 0)
System memory in use before: 188.5 MB.
System memory in use after: 188.3 MB.

Unloading 23 unused Assets to reduce memory usage. Loaded Objects now: 5578.
Total: 4.116600 ms (FindLiveObjects: 0.634100 ms CreateObjectMapping: 0.306600 ms MarkObjects: 2.710600 ms  DeleteObjects: 0.463800 ms)

========================================================================
Received Prepare
Registering precompiled user dll's ...
Registered in 0.003949 seconds.
Begin MonoManager ReloadAssembly
Native extension for WindowsStandalone target not found
Native extension for WebGL target not found
Refreshing native plugins compatible for Editor in 1.53 ms, found 1 plugins.
Preloading 0 native plugins for Editor in 0.00 ms.
Invoked RoslynAnalysisRunner static constructor.
RoslynAnalysisRunner will not be running.
RoslynAnalysisRunner has terminated.
Mono: successfully reloaded assembly
- Completed reload, in  1.466 seconds
Platform modules already initialized, skipping
Shader 'Universal Render Pipeline/Particles/Lit': fallback shader 'Universal Render Pipeline/Particles/SimpleLit' not found
Refreshing native plugins compatible for Editor in 1.33 ms, found 1 plugins.
Preloading 0 native plugins for Editor in 0.00 ms.
Unloading 4906 Unused Serialized files (Serialized files now loaded: 0)
System memory in use before: 188.3 MB.
System memory in use after: 188.1 MB.

Unloading 23 unused Assets to reduce memory usage. Loaded Objects now: 5582.
Total: 3.891900 ms (FindLiveObjects: 0.584000 ms CreateObjectMapping: 0.334300 ms MarkObjects: 2.494300 ms  DeleteObjects: 0.478100 ms)

========================================================================
Received Prepare
Registering precompiled user dll's ...
Registered in 0.004011 seconds.
Begin MonoManager ReloadAssembly
Native extension for WindowsStandalone target not found
Native extension for WebGL target not found
Refreshing native plugins compatible for Editor in 1.59 ms, found 1 plugins.
Preloading 0 native plugins for Editor in 0.00 ms.
Invoked RoslynAnalysisRunner static constructor.
RoslynAnalysisRunner will not be running.
RoslynAnalysisRunner has terminated.
Mono: successfully reloaded assembly
- Completed reload, in  1.821 seconds
Platform modules already initialized, skipping
Shader 'Universal Render Pipeline/Particles/Lit': fallback shader 'Universal Render Pipeline/Particles/SimpleLit' not found
Refreshing native plugins compatible for Editor in 1.44 ms, found 1 plugins.
Preloading 0 native plugins for Editor in 0.00 ms.
Unloading 4906 Unused Serialized files (Serialized files now loaded: 0)
System memory in use before: 188.5 MB.
System memory in use after: 188.3 MB.

Unloading 23 unused Assets to reduce memory usage. Loaded Objects now: 5586.
Total: 5.242400 ms (FindLiveObjects: 0.589800 ms CreateObjectMapping: 0.333600 ms MarkObjects: 3.804400 ms  DeleteObjects: 0.512500 ms)

========================================================================
Received Import Request.
  Time since last request: 436.660987 seconds.
  path: Assets/Asgla/Prefabs/Avatar/Monster Main.prefab
  artifactKey: Guid(550fd8e714471b246abeb9bbcd84bc58) Importer(815301076,1909f56bfc062723c751e8b465ee728b)
Start importing Assets/Asgla/Prefabs/Avatar/Monster Main.prefab using Guid(550fd8e714471b246abeb9bbcd84bc58) Importer(815301076,1909f56bfc062723c751e8b465ee728b)  -> (artifact id: '8e8b5dffacf817b595afaa57a71f0621') in 0.221706 seconds
  Import took 0.238528 seconds .

========================================================================
Received Import Request.
  Time since last request: 38.032216 seconds.
  path: Assets/Asgla/Prefabs/Avatar/Player.prefab
  artifactKey: Guid(95d2f0c3d4165984ba92e08c77b9a48d) Importer(815301076,1909f56bfc062723c751e8b465ee728b)
Start importing Assets/Asgla/Prefabs/Avatar/Player.prefab using Guid(95d2f0c3d4165984ba92e08c77b9a48d) Importer(815301076,1909f56bfc062723c751e8b465ee728b)  -> (artifact id: '4e7d02f7210c2408a063242efa526dd1') in 0.266161 seconds
  Import took 0.288791 seconds .

========================================================================
Received Import Request.
  Time since last request: 6.107407 seconds.
  path: Assets/Asgla/Prefabs/Avatar/Monster.prefab
  artifactKey: Guid(550fd8e714471b246abeb9bbcd84bc58) Importer(815301076,1909f56bfc062723c751e8b465ee728b)
Start importing Assets/Asgla/Prefabs/Avatar/Monster.prefab using Guid(550fd8e714471b246abeb9bbcd84bc58) Importer(815301076,1909f56bfc062723c751e8b465ee728b)  -> (artifact id: 'b0f0531878c4b67dc7c253a790a59456') in 0.037792 seconds
  Import took 0.053007 seconds .

========================================================================
Received Prepare
Registering precompiled user dll's ...
Registered in 0.003040 seconds.
Begin MonoManager ReloadAssembly
Native extension for WindowsStandalone target not found
Native extension for WebGL target not found
Refreshing native plugins compatible for Editor in 1.38 ms, found 1 plugins.
Preloading 0 native plugins for Editor in 0.00 ms.
Invoked RoslynAnalysisRunner static constructor.
RoslynAnalysisRunner will not be running.
RoslynAnalysisRunner has terminated.
Mono: successfully reloaded assembly
- Completed reload, in  1.658 seconds
Platform modules already initialized, skipping
Shader 'Universal Render Pipeline/Particles/Lit': fallback shader 'Universal Render Pipeline/Particles/SimpleLit' not found
Refreshing native plugins compatible for Editor in 1.35 ms, found 1 plugins.
Preloading 0 native plugins for Editor in 0.00 ms.
Unloading 4906 Unused Serialized files (Serialized files now loaded: 0)
System memory in use before: 188.9 MB.
System memory in use after: 188.7 MB.

Unloading 24 unused Assets to reduce memory usage. Loaded Objects now: 5590.
Total: 6.890600 ms (FindLiveObjects: 0.745900 ms CreateObjectMapping: 1.385200 ms MarkObjects: 4.038700 ms  DeleteObjects: 0.719400 ms)

========================================================================
Received Prepare
Registering precompiled user dll's ...
Registered in 0.002775 seconds.
Begin MonoManager ReloadAssembly
Native extension for WindowsStandalone target not found
Native extension for WebGL target not found
Refreshing native plugins compatible for Editor in 1.35 ms, found 1 plugins.
Preloading 0 native plugins for Editor in 0.00 ms.
Invoked RoslynAnalysisRunner static constructor.
RoslynAnalysisRunner will not be running.
RoslynAnalysisRunner has terminated.
Mono: successfully reloaded assembly
- Completed reload, in  1.315 seconds
Platform modules already initialized, skipping
Shader 'Universal Render Pipeline/Particles/Lit': fallback shader 'Universal Render Pipeline/Particles/SimpleLit' not found
Refreshing native plugins compatible for Editor in 1.29 ms, found 1 plugins.
Preloading 0 native plugins for Editor in 0.00 ms.
Unloading 4906 Unused Serialized files (Serialized files now loaded: 0)
System memory in use before: 188.9 MB.
System memory in use after: 188.7 MB.

Unloading 23 unused Assets to reduce memory usage. Loaded Objects now: 5594.
Total: 4.142500 ms (FindLiveObjects: 0.533900 ms CreateObjectMapping: 0.320400 ms MarkObjects: 2.832000 ms  DeleteObjects: 0.455300 ms)

========================================================================
Received Prepare
Registering precompiled user dll's ...
Registered in 0.003621 seconds.
Begin MonoManager ReloadAssembly
Native extension for WindowsStandalone target not found
Native extension for WebGL target not found
Refreshing native plugins compatible for Editor in 1.30 ms, found 1 plugins.
Preloading 0 native plugins for Editor in 0.00 ms.
Invoked RoslynAnalysisRunner static constructor.
RoslynAnalysisRunner will not be running.
RoslynAnalysisRunner has terminated.
Mono: successfully reloaded assembly
- Completed reload, in  1.574 seconds
Platform modules already initialized, skipping
Shader 'Universal Render Pipeline/Particles/Lit': fallback shader 'Universal Render Pipeline/Particles/SimpleLit' not found
Refreshing native plugins compatible for Editor in 1.48 ms, found 1 plugins.
Preloading 0 native plugins for Editor in 0.00 ms.
Unloading 4906 Unused Serialized files (Serialized files now loaded: 0)
System memory in use before: 188.8 MB.
System memory in use after: 188.6 MB.

Unloading 23 unused Assets to reduce memory usage. Loaded Objects now: 5598.
Total: 3.958900 ms (FindLiveObjects: 0.608700 ms CreateObjectMapping: 0.312400 ms MarkObjects: 2.610900 ms  DeleteObjects: 0.425500 ms)

========================================================================
Received Prepare
Registering precompiled user dll's ...
Registered in 0.011807 seconds.
Begin MonoManager ReloadAssembly
Native extension for WindowsStandalone target not found
Native extension for WebGL target not found
Refreshing native plugins compatible for Editor in 1.25 ms, found 1 plugins.
Preloading 0 native plugins for Editor in 0.00 ms.
Invoked RoslynAnalysisRunner static constructor.
RoslynAnalysisRunner will not be running.
RoslynAnalysisRunner has terminated.
Mono: successfully reloaded assembly
- Completed reload, in  1.462 seconds
Platform modules already initialized, skipping
Shader 'Universal Render Pipeline/Particles/Lit': fallback shader 'Universal Render Pipeline/Particles/SimpleLit' not found
Refreshing native plugins compatible for Editor in 1.28 ms, found 1 plugins.
Preloading 0 native plugins for Editor in 0.00 ms.
Unloading 4907 Unused Serialized files (Serialized files now loaded: 0)
System memory in use before: 188.7 MB.
System memory in use after: 188.5 MB.

Unloading 23 unused Assets to reduce memory usage. Loaded Objects now: 5603.
Total: 3.979200 ms (FindLiveObjects: 0.606800 ms CreateObjectMapping: 0.295900 ms MarkObjects: 2.623100 ms  DeleteObjects: 0.452300 ms)

========================================================================
Received Prepare
Registering precompiled user dll's ...
Registered in 0.004030 seconds.
Begin MonoManager ReloadAssembly
Native extension for WindowsStandalone target not found
Native extension for WebGL target not found
Refreshing native plugins compatible for Editor in 1.25 ms, found 1 plugins.
Preloading 0 native plugins for Editor in 0.00 ms.
Invoked RoslynAnalysisRunner static constructor.
RoslynAnalysisRunner will not be running.
RoslynAnalysisRunner has terminated.
Mono: successfully reloaded assembly
- Completed reload, in  1.599 seconds
Platform modules already initialized, skipping
Shader 'Universal Render Pipeline/Particles/Lit': fallback shader 'Universal Render Pipeline/Particles/SimpleLit' not found
Refreshing native plugins compatible for Editor in 1.42 ms, found 1 plugins.
Preloading 0 native plugins for Editor in 0.00 ms.
Unloading 4907 Unused Serialized files (Serialized files now loaded: 0)
System memory in use before: 188.9 MB.
System memory in use after: 188.6 MB.

Unloading 23 unused Assets to reduce memory usage. Loaded Objects now: 5607.
Total: 5.859700 ms (FindLiveObjects: 1.093400 ms CreateObjectMapping: 0.696800 ms MarkObjects: 3.545000 ms  DeleteObjects: 0.522500 ms)

========================================================================
Received Import Request.
  Time since last request: 2516.300908 seconds.
  path: Assets/Asgla/Game/maps/Resourcers
  artifactKey: Guid(2d6113530d92807458bc657469126961) Importer(815301076,1909f56bfc062723c751e8b465ee728b)
Start importing Assets/Asgla/Game/maps/Resourcers using Guid(2d6113530d92807458bc657469126961) Importer(815301076,1909f56bfc062723c751e8b465ee728b)  -> (artifact id: 'd1647cf431533702c418e6240da6dade') in 0.023263 seconds
  Import took 0.037873 seconds .

========================================================================
Received Import Request.
  Time since last request: 0.713986 seconds.
  path: Assets/Asgla/Game/maps/outset/start/start.prefab
  artifactKey: Guid(3e516228332ba39498eb8357b23bca89) Importer(815301076,1909f56bfc062723c751e8b465ee728b)
Start importing Assets/Asgla/Game/maps/outset/start/start.prefab using Guid(3e516228332ba39498eb8357b23bca89) Importer(815301076,1909f56bfc062723c751e8b465ee728b)  -> (artifact id: 'c84472617cb6961632168d10d3c7415f') in 0.601282 seconds
  Import took 0.620864 seconds .

========================================================================
Received Import Request.
  Time since last request: 7.845082 seconds.
  path: Assets/Asgla/Game/maps/outset/outset2/outset2.prefab
  artifactKey: Guid(8db339dad25f38944995f944c78b3dce) Importer(815301076,1909f56bfc062723c751e8b465ee728b)
Start importing Assets/Asgla/Game/maps/outset/outset2/outset2.prefab using Guid(8db339dad25f38944995f944c78b3dce) Importer(815301076,1909f56bfc062723c751e8b465ee728b)  -> (artifact id: '4a53213c8b3ac69f2703591fe6312488') in 0.042822 seconds
  Import took 0.058958 seconds .

========================================================================
Received Import Request.
  Time since last request: 35.377973 seconds.
  path: Assets/Asgla/Game/maps/outset/hotel/hotel.prefab
  artifactKey: Guid(43641aa0248724146b3966984746c659) Importer(815301076,1909f56bfc062723c751e8b465ee728b)
Start importing Assets/Asgla/Game/maps/outset/hotel/hotel.prefab using Guid(43641aa0248724146b3966984746c659) Importer(815301076,1909f56bfc062723c751e8b465ee728b)  -> (artifact id: '81507c7f4dbdf580005fd47a5cead1dc') in 0.155218 seconds
  Import took 0.172107 seconds .

========================================================================
Received Prepare
Registering precompiled user dll's ...
Registered in 0.009266 seconds.
Begin MonoManager ReloadAssembly
Native extension for WindowsStandalone target not found
Native extension for WebGL target not found
Refreshing native plugins compatible for Editor in 1.35 ms, found 1 plugins.
Preloading 0 native plugins for Editor in 0.00 ms.
Invoked RoslynAnalysisRunner static constructor.
RoslynAnalysisRunner will not be running.
RoslynAnalysisRunner has terminated.
Mono: successfully reloaded assembly
- Completed reload, in  1.756 seconds
Platform modules already initialized, skipping
Shader 'Universal Render Pipeline/Particles/Lit': fallback shader 'Universal Render Pipeline/Particles/SimpleLit' not found
Refreshing native plugins compatible for Editor in 1.31 ms, found 1 plugins.
Preloading 0 native plugins for Editor in 0.00 ms.
Unloading 4907 Unused Serialized files (Serialized files now loaded: 0)
System memory in use before: 194.5 MB.
System memory in use after: 194.3 MB.

Unloading 25 unused Assets to reduce memory usage. Loaded Objects now: 5657.
Total: 6.174600 ms (FindLiveObjects: 1.068300 ms CreateObjectMapping: 0.665600 ms MarkObjects: 2.994800 ms  DeleteObjects: 1.443900 ms)

========================================================================
Received Prepare
Registering precompiled user dll's ...
Registered in 0.003252 seconds.
Begin MonoManager ReloadAssembly
Native extension for WindowsStandalone target not found
Native extension for WebGL target not found
Refreshing native plugins compatible for Editor in 1.62 ms, found 1 plugins.
Preloading 0 native plugins for Editor in 0.00 ms.
Invoked RoslynAnalysisRunner static constructor.
RoslynAnalysisRunner will not be running.
RoslynAnalysisRunner has terminated.
Mono: successfully reloaded assembly
- Completed reload, in  2.029 seconds
Platform modules already initialized, skipping
Shader 'Universal Render Pipeline/Particles/Lit': fallback shader 'Universal Render Pipeline/Particles/SimpleLit' not found
Refreshing native plugins compatible for Editor in 1.67 ms, found 1 plugins.
Preloading 0 native plugins for Editor in 0.00 ms.
Unloading 4907 Unused Serialized files (Serialized files now loaded: 0)
System memory in use before: 194.5 MB.
System memory in use after: 194.3 MB.

Unloading 23 unused Assets to reduce memory usage. Loaded Objects now: 5661.
Total: 6.635100 ms (FindLiveObjects: 0.650200 ms CreateObjectMapping: 1.071300 ms MarkObjects: 3.720300 ms  DeleteObjects: 1.189700 ms)

========================================================================
Received Prepare
Registering precompiled user dll's ...
Registered in 0.003046 seconds.
Begin MonoManager ReloadAssembly
Native extension for WindowsStandalone target not found
Native extension for WebGL target not found
Refreshing native plugins compatible for Editor in 1.55 ms, found 1 plugins.
Preloading 0 native plugins for Editor in 0.00 ms.
Invoked RoslynAnalysisRunner static constructor.
RoslynAnalysisRunner will not be running.
RoslynAnalysisRunner has terminated.
Mono: successfully reloaded assembly
- Completed reload, in  2.011 seconds
Platform modules already initialized, skipping
Shader 'Universal Render Pipeline/Particles/Lit': fallback shader 'Universal Render Pipeline/Particles/SimpleLit' not found
Refreshing native plugins compatible for Editor in 1.42 ms, found 1 plugins.
Preloading 0 native plugins for Editor in 0.00 ms.
Unloading 4907 Unused Serialized files (Serialized files now loaded: 0)
System memory in use before: 194.5 MB.
System memory in use after: 194.3 MB.

Unloading 23 unused Assets to reduce memory usage. Loaded Objects now: 5665.
Total: 4.655600 ms (FindLiveObjects: 0.726400 ms CreateObjectMapping: 0.385200 ms MarkObjects: 2.986400 ms  DeleteObjects: 0.556000 ms)

========================================================================
Received Prepare
Registering precompiled user dll's ...
Registered in 0.003815 seconds.
Begin MonoManager ReloadAssembly
Native extension for WindowsStandalone target not found
Native extension for WebGL target not found
Refreshing native plugins compatible for Editor in 1.63 ms, found 1 plugins.
Preloading 0 native plugins for Editor in 0.00 ms.
Invoked RoslynAnalysisRunner static constructor.
RoslynAnalysisRunner will not be running.
RoslynAnalysisRunner has terminated.
Mono: successfully reloaded assembly
- Completed reload, in  2.028 seconds
Platform modules already initialized, skipping
Shader 'Universal Render Pipeline/Particles/Lit': fallback shader 'Universal Render Pipeline/Particles/SimpleLit' not found
Refreshing native plugins compatible for Editor in 1.59 ms, found 1 plugins.
Preloading 0 native plugins for Editor in 0.00 ms.
Unloading 4907 Unused Serialized files (Serialized files now loaded: 0)
System memory in use before: 194.4 MB.
System memory in use after: 194.1 MB.

Unloading 23 unused Assets to reduce memory usage. Loaded Objects now: 5669.
Total: 5.348800 ms (FindLiveObjects: 0.569300 ms CreateObjectMapping: 0.406700 ms MarkObjects: 3.522700 ms  DeleteObjects: 0.848000 ms)

========================================================================
Received Prepare
Registering precompiled user dll's ...
Registered in 0.003058 seconds.
Begin MonoManager ReloadAssembly
Native extension for WindowsStandalone target not found
Native extension for WebGL target not found
Refreshing native plugins compatible for Editor in 1.26 ms, found 1 plugins.
Preloading 0 native plugins for Editor in 0.00 ms.
Invoked RoslynAnalysisRunner static constructor.
RoslynAnalysisRunner will not be running.
RoslynAnalysisRunner has terminated.
Mono: successfully reloaded assembly
- Completed reload, in  1.495 seconds
Platform modules already initialized, skipping
Shader 'Universal Render Pipeline/Particles/Lit': fallback shader 'Universal Render Pipeline/Particles/SimpleLit' not found
Refreshing native plugins compatible for Editor in 1.28 ms, found 1 plugins.
Preloading 0 native plugins for Editor in 0.00 ms.
Unloading 4907 Unused Serialized files (Serialized files now loaded: 0)
System memory in use before: 194.6 MB.
System memory in use after: 194.3 MB.

Unloading 23 unused Assets to reduce memory usage. Loaded Objects now: 5673.
Total: 5.623200 ms (FindLiveObjects: 0.874100 ms CreateObjectMapping: 0.616400 ms MarkObjects: 2.678600 ms  DeleteObjects: 1.452900 ms)

========================================================================
Received Prepare
Registering precompiled user dll's ...
Registered in 0.002943 seconds.
Begin MonoManager ReloadAssembly
Native extension for WindowsStandalone target not found
Native extension for WebGL target not found
Refreshing native plugins compatible for Editor in 1.31 ms, found 1 plugins.
Preloading 0 native plugins for Editor in 0.00 ms.
Invoked RoslynAnalysisRunner static constructor.
RoslynAnalysisRunner will not be running.
RoslynAnalysisRunner has terminated.
Mono: successfully reloaded assembly
- Completed reload, in  1.464 seconds
Platform modules already initialized, skipping
Shader 'Universal Render Pipeline/Particles/Lit': fallback shader 'Universal Render Pipeline/Particles/SimpleLit' not found
Refreshing native plugins compatible for Editor in 1.40 ms, found 1 plugins.
Preloading 0 native plugins for Editor in 0.00 ms.
Unloading 4907 Unused Serialized files (Serialized files now loaded: 0)
System memory in use before: 194.6 MB.
System memory in use after: 194.4 MB.

Unloading 23 unused Assets to reduce memory usage. Loaded Objects now: 5677.
Total: 4.667800 ms (FindLiveObjects: 0.543300 ms CreateObjectMapping: 0.323400 ms MarkObjects: 3.154600 ms  DeleteObjects: 0.635000 ms)

========================================================================
Received Prepare
Registering precompiled user dll's ...
Registered in 0.004983 seconds.
Begin MonoManager ReloadAssembly
Native extension for WindowsStandalone target not found
Native extension for WebGL target not found
Refreshing native plugins compatible for Editor in 1.26 ms, found 1 plugins.
Preloading 0 native plugins for Editor in 0.00 ms.
Invoked RoslynAnalysisRunner static constructor.
RoslynAnalysisRunner will not be running.
RoslynAnalysisRunner has terminated.
Mono: successfully reloaded assembly
- Completed reload, in  1.480 seconds
Platform modules already initialized, skipping
Shader 'Universal Render Pipeline/Particles/Lit': fallback shader 'Universal Render Pipeline/Particles/SimpleLit' not found
Refreshing native plugins compatible for Editor in 1.86 ms, found 1 plugins.
Preloading 0 native plugins for Editor in 0.00 ms.
Unloading 4907 Unused Serialized files (Serialized files now loaded: 0)
System memory in use before: 194.6 MB.
System memory in use after: 194.4 MB.

Unloading 24 unused Assets to reduce memory usage. Loaded Objects now: 5681.
Total: 5.477400 ms (FindLiveObjects: 0.578300 ms CreateObjectMapping: 0.322500 ms MarkObjects: 3.113200 ms  DeleteObjects: 1.461700 ms)

